TN:
SF:src/server.ts
FN:35,(anonymous_17)
FN:35,(anonymous_18)
FN:42,(anonymous_19)
FN:83,(anonymous_20)
FN:86,(anonymous_21)
FN:100,(anonymous_22)
FN:105,(anonymous_23)
FN:105,(anonymous_24)
FN:107,(anonymous_25)
FN:116,(anonymous_26)
FN:116,(anonymous_27)
FN:118,(anonymous_28)
FNF:12
FNH:0
FNDA:0,(anonymous_17)
FNDA:0,(anonymous_18)
FNDA:0,(anonymous_19)
FNDA:0,(anonymous_20)
FNDA:0,(anonymous_21)
FNDA:0,(anonymous_22)
FNDA:0,(anonymous_23)
FNDA:0,(anonymous_24)
FNDA:0,(anonymous_25)
FNDA:0,(anonymous_26)
FNDA:0,(anonymous_27)
FNDA:0,(anonymous_28)
DA:1,0
DA:2,0
DA:4,0
DA:5,0
DA:6,0
DA:7,0
DA:8,0
DA:9,0
DA:10,0
DA:11,0
DA:12,0
DA:13,0
DA:14,0
DA:15,0
DA:17,0
DA:18,0
DA:19,0
DA:20,0
DA:21,0
DA:23,0
DA:24,0
DA:26,0
DA:32,0
DA:33,0
DA:35,0
DA:36,0
DA:37,0
DA:38,0
DA:40,0
DA:41,0
DA:42,0
DA:43,0
DA:44,0
DA:45,0
DA:48,0
DA:51,0
DA:53,0
DA:68,0
DA:76,0
DA:77,0
DA:78,0
DA:79,0
DA:80,0
DA:82,0
DA:84,0
DA:87,0
DA:88,0
DA:92,0
DA:93,0
DA:94,0
DA:95,0
DA:97,0
DA:100,0
DA:101,0
DA:102,0
DA:105,0
DA:106,0
DA:107,0
DA:108,0
DA:110,0
DA:111,0
DA:112,0
DA:113,0
DA:116,0
DA:117,0
DA:118,0
DA:119,0
DA:121,0
DA:122,0
DA:123,0
DA:124,0
LF:71
LH:0
BRDA:19,0,0,0
BRDA:19,0,1,0
BRDA:20,1,0,0
BRDA:20,1,1,0
BRDA:21,2,0,0
BRDA:21,2,1,0
BRDA:44,3,0,0
BRDA:44,3,1,0
BRDA:44,4,0,0
BRDA:44,4,1,0
BRDA:51,5,0,0
BRDA:51,5,1,0
BRDA:51,6,0,0
BRDA:51,6,1,0
BRDA:51,7,0,0
BRDA:51,7,1,0
BRDA:70,8,0,0
BRDA:70,8,1,0
BRDA:110,9,0,0
BRDA:110,9,1,0
BRDA:110,10,0,0
BRDA:110,10,1,0
BRDA:121,11,0,0
BRDA:121,11,1,0
BRDA:121,12,0,0
BRDA:121,12,1,0
BRF:26
BRH:0
end_of_record
TN:
SF:src/controllers/analyticsController.ts
FN:18,isSameState
FN:78,(anonymous_10)
FN:78,(anonymous_11)
FN:142,(anonymous_12)
FN:142,(anonymous_13)
FN:160,(anonymous_14)
FN:174,(anonymous_15)
FN:179,(anonymous_16)
FN:191,(anonymous_17)
FN:199,(anonymous_18)
FN:246,(anonymous_19)
FN:276,(anonymous_20)
FN:301,(anonymous_21)
FN:301,(anonymous_22)
FNF:14
FNH:0
FNDA:0,isSameState
FNDA:0,(anonymous_10)
FNDA:0,(anonymous_11)
FNDA:0,(anonymous_12)
FNDA:0,(anonymous_13)
FNDA:0,(anonymous_14)
FNDA:0,(anonymous_15)
FNDA:0,(anonymous_16)
FNDA:0,(anonymous_17)
FNDA:0,(anonymous_18)
FNDA:0,(anonymous_19)
FNDA:0,(anonymous_20)
FNDA:0,(anonymous_21)
FNDA:0,(anonymous_22)
DA:2,0
DA:3,0
DA:4,0
DA:6,0
DA:12,0
DA:27,0
DA:28,0
DA:32,0
DA:39,0
DA:51,0
DA:52,0
DA:57,0
DA:58,0
DA:60,0
DA:62,0
DA:63,0
DA:67,0
DA:69,0
DA:71,0
DA:75,0
DA:78,0
DA:79,0
DA:80,0
DA:87,0
DA:89,0
DA:90,0
DA:91,0
DA:94,0
DA:97,0
DA:98,0
DA:99,0
DA:102,0
DA:111,0
DA:113,0
DA:121,0
DA:132,0
DA:134,0
DA:135,0
DA:137,0
DA:138,0
DA:142,0
DA:143,0
DA:144,0
DA:145,0
DA:147,0
DA:148,0
DA:151,0
DA:152,0
DA:153,0
DA:158,0
DA:160,0
DA:163,0
DA:166,0
DA:167,0
DA:174,0
DA:175,0
DA:179,0
DA:180,0
DA:181,0
DA:187,0
DA:190,0
DA:199,0
DA:200,0
DA:205,0
DA:210,0
DA:215,0
DA:218,0
DA:227,0
DA:228,0
DA:231,0
DA:244,0
DA:245,0
DA:246,0
DA:249,0
DA:252,0
DA:253,0
DA:263,0
DA:265,0
DA:271,0
DA:275,0
DA:276,0
DA:280,0
DA:287,0
DA:288,0
DA:293,0
DA:294,0
DA:301,0
DA:302,0
DA:303,0
DA:304,0
DA:305,0
DA:308,0
DA:310,0
DA:311,0
DA:312,0
DA:315,0
DA:316,0
DA:319,0
DA:320,0
DA:322,0
DA:323,0
DA:324,0
DA:325,0
DA:328,0
DA:334,0
DA:336,0
DA:337,0
LF:107
LH:0
BRDA:27,0,0,0
BRDA:27,0,1,0
BRDA:35,1,0,0
BRDA:35,1,1,0
BRDA:36,2,0,0
BRDA:36,2,1,0
BRDA:51,3,0,0
BRDA:51,3,1,0
BRDA:60,4,0,0
BRDA:60,4,1,0
BRDA:67,5,0,0
BRDA:67,5,1,0
BRDA:67,6,0,0
BRDA:67,6,1,0
BRDA:69,7,0,0
BRDA:69,7,1,0
BRDA:80,8,0,0
BRDA:80,8,1,0
BRDA:90,9,0,0
BRDA:90,9,1,0
BRDA:94,10,0,0
BRDA:94,10,1,0
BRDA:94,11,0,0
BRDA:94,11,1,0
BRDA:94,12,0,0
BRDA:94,12,1,0
BRDA:98,13,0,0
BRDA:98,13,1,0
BRDA:111,14,0,0
BRDA:111,14,1,0
BRDA:134,15,0,0
BRDA:134,15,1,0
BRDA:144,16,0,0
BRDA:144,16,1,0
BRDA:147,17,0,0
BRDA:147,17,1,0
BRDA:152,18,0,0
BRDA:152,18,1,0
BRDA:166,19,0,0
BRDA:166,19,1,0
BRDA:180,20,0,0
BRDA:180,20,1,0
BRDA:180,21,0,0
BRDA:180,21,1,0
BRDA:200,22,0,0
BRDA:200,22,1,0
BRDA:201,23,0,0
BRDA:201,23,1,0
BRDA:207,24,0,0
BRDA:207,24,1,0
BRDA:211,25,0,0
BRDA:211,25,1,0
BRDA:212,26,0,0
BRDA:212,26,1,0
BRDA:227,27,0,0
BRDA:227,27,1,0
BRDA:237,28,0,0
BRDA:237,28,1,0
BRDA:252,29,0,0
BRDA:252,29,1,0
BRDA:287,30,0,0
BRDA:287,30,1,0
BRDA:296,31,0,0
BRDA:296,31,1,0
BRDA:304,32,0,0
BRDA:304,32,1,0
BRDA:311,33,0,0
BRDA:311,33,1,0
BRDA:315,34,0,0
BRDA:315,34,1,0
BRDA:319,35,0,0
BRDA:319,35,1,0
BRDA:322,36,0,0
BRDA:322,36,1,0
BRDA:322,37,0,0
BRDA:322,37,1,0
BRDA:324,38,0,0
BRDA:324,38,1,0
BRDA:325,39,0,0
BRDA:325,39,1,0
BRF:80
BRH:0
end_of_record
TN:
SF:src/controllers/authController.ts
FN:14,(anonymous_8)
FN:14,(anonymous_9)
FN:55,(anonymous_10)
FN:55,(anonymous_11)
FN:91,(anonymous_12)
FN:91,(anonymous_13)
FN:110,(anonymous_14)
FN:115,(anonymous_15)
FN:115,(anonymous_16)
FNF:9
FNH:0
FNDA:0,(anonymous_8)
FNDA:0,(anonymous_9)
FNDA:0,(anonymous_10)
FNDA:0,(anonymous_11)
FNDA:0,(anonymous_12)
FNDA:0,(anonymous_13)
FNDA:0,(anonymous_14)
FNDA:0,(anonymous_15)
FNDA:0,(anonymous_16)
DA:2,0
DA:3,0
DA:4,0
DA:5,0
DA:6,0
DA:12,0
DA:14,0
DA:15,0
DA:16,0
DA:18,0
DA:19,0
DA:20,0
DA:23,0
DA:24,0
DA:28,0
DA:34,0
DA:41,0
DA:46,0
DA:47,0
DA:49,0
DA:50,0
DA:55,0
DA:56,0
DA:57,0
DA:59,0
DA:60,0
DA:61,0
DA:64,0
DA:70,0
DA:77,0
DA:82,0
DA:83,0
DA:85,0
DA:86,0
DA:91,0
DA:92,0
DA:93,0
DA:95,0
DA:96,0
DA:97,0
DA:100,0
DA:102,0
DA:106,0
DA:110,0
DA:111,0
DA:112,0
DA:115,0
DA:116,0
DA:117,0
DA:119,0
DA:120,0
DA:121,0
DA:123,0
DA:124,0
DA:125,0
DA:128,0
DA:133,0
DA:138,0
DA:139,0
LF:59
LH:0
BRDA:12,0,0,0
BRDA:12,0,1,0
BRDA:19,1,0,0
BRDA:19,1,1,0
BRDA:46,2,0,0
BRDA:46,2,1,0
BRDA:60,3,0,0
BRDA:60,3,1,0
BRDA:60,4,0,0
BRDA:60,4,1,0
BRDA:82,5,0,0
BRDA:82,5,1,0
BRDA:93,6,0,0
BRDA:93,6,1,0
BRDA:100,7,0,0
BRDA:100,7,1,0
BRDA:117,8,0,0
BRDA:117,8,1,0
BRDA:124,9,0,0
BRDA:124,9,1,0
BRF:20
BRH:0
end_of_record
TN:
SF:src/controllers/messageController.ts
FN:17,(anonymous_8)
FN:17,(anonymous_9)
FN:87,(anonymous_10)
FN:87,(anonymous_11)
FN:127,(anonymous_12)
FN:145,(anonymous_13)
FN:145,(anonymous_14)
FN:209,(anonymous_15)
FN:209,(anonymous_16)
FNF:9
FNH:0
FNDA:0,(anonymous_8)
FNDA:0,(anonymous_9)
FNDA:0,(anonymous_10)
FNDA:0,(anonymous_11)
FNDA:0,(anonymous_12)
FNDA:0,(anonymous_13)
FNDA:0,(anonymous_14)
FNDA:0,(anonymous_15)
FNDA:0,(anonymous_16)
DA:2,0
DA:3,0
DA:4,0
DA:6,0
DA:17,0
DA:18,0
DA:19,0
DA:20,0
DA:21,0
DA:24,0
DA:27,0
DA:31,0
DA:32,0
DA:38,0
DA:56,0
DA:57,0
DA:71,0
DA:79,0
DA:80,0
DA:82,0
DA:83,0
DA:87,0
DA:88,0
DA:89,0
DA:95,0
DA:99,0
DA:100,0
DA:104,0
DA:105,0
DA:106,0
DA:109,0
DA:124,0
DA:126,0
DA:127,0
DA:137,0
DA:138,0
DA:140,0
DA:141,0
DA:145,0
DA:146,0
DA:147,0
DA:148,0
DA:149,0
DA:152,0
DA:153,0
DA:156,0
DA:160,0
DA:161,0
DA:165,0
DA:173,0
DA:174,0
DA:178,0
DA:192,0
DA:201,0
DA:202,0
DA:204,0
DA:205,0
DA:209,0
DA:210,0
DA:211,0
DA:212,0
DA:213,0
DA:216,0
DA:219,0
DA:223,0
DA:224,0
DA:228,0
DA:236,0
DA:237,0
DA:241,0
DA:245,0
DA:247,0
DA:248,0
DA:250,0
DA:251,0
LF:75
LH:0
BRDA:20,0,0,0
BRDA:20,0,1,0
BRDA:31,1,0,0
BRDA:31,1,1,0
BRDA:63,2,0,0
BRDA:63,2,1,0
BRDA:79,3,0,0
BRDA:79,3,1,0
BRDA:99,4,0,0
BRDA:99,4,1,0
BRDA:105,5,0,0
BRDA:105,5,1,0
BRDA:124,6,0,0
BRDA:124,6,1,0
BRDA:137,7,0,0
BRDA:137,7,1,0
BRDA:148,8,0,0
BRDA:148,8,1,0
BRDA:160,9,0,0
BRDA:160,9,1,0
BRDA:173,10,0,0
BRDA:173,10,1,0
BRDA:201,11,0,0
BRDA:201,11,1,0
BRDA:212,12,0,0
BRDA:212,12,1,0
BRDA:223,13,0,0
BRDA:223,13,1,0
BRDA:236,14,0,0
BRDA:236,14,1,0
BRDA:247,15,0,0
BRDA:247,15,1,0
BRF:32
BRH:0
end_of_record
TN:
SF:src/controllers/webrtcController.ts
FN:26,(anonymous_8)
FN:29,(anonymous_9)
FN:46,(anonymous_10)
FN:49,(anonymous_11)
FN:123,(anonymous_12)
FN:126,(anonymous_13)
FN:151,(anonymous_14)
FN:154,(anonymous_15)
FN:192,(anonymous_16)
FN:195,(anonymous_17)
FNF:10
FNH:0
FNDA:0,(anonymous_8)
FNDA:0,(anonymous_9)
FNDA:0,(anonymous_10)
FNDA:0,(anonymous_11)
FNDA:0,(anonymous_12)
FNDA:0,(anonymous_13)
FNDA:0,(anonymous_14)
FNDA:0,(anonymous_15)
FNDA:0,(anonymous_16)
FNDA:0,(anonymous_17)
DA:2,0
DA:4,0
DA:5,0
DA:11,0
DA:13,0
DA:17,0
DA:26,0
DA:29,0
DA:30,0
DA:31,0
DA:32,0
DA:34,0
DA:35,0
DA:46,0
DA:49,0
DA:50,0
DA:51,0
DA:52,0
DA:54,0
DA:55,0
DA:56,0
DA:60,0
DA:64,0
DA:65,0
DA:66,0
DA:70,0
DA:74,0
DA:78,0
DA:79,0
DA:80,0
DA:90,0
DA:93,0
DA:94,0
DA:95,0
DA:97,0
DA:106,0
DA:107,0
DA:108,0
DA:111,0
DA:112,0
DA:123,0
DA:126,0
DA:127,0
DA:128,0
DA:130,0
DA:131,0
DA:132,0
DA:135,0
DA:137,0
DA:139,0
DA:140,0
DA:151,0
DA:154,0
DA:155,0
DA:156,0
DA:157,0
DA:159,0
DA:160,0
DA:161,0
DA:165,0
DA:174,0
DA:175,0
DA:178,0
DA:180,0
DA:181,0
DA:192,0
DA:195,0
DA:196,0
DA:197,0
DA:198,0
DA:200,0
DA:201,0
DA:202,0
DA:205,0
DA:208,0
DA:217,0
DA:218,0
DA:219,0
DA:222,0
DA:228,0
DA:229,0
DA:230,0
DA:233,0
DA:242,0
DA:243,0
DA:244,0
DA:247,0
DA:248,0
LF:88
LH:0
BRDA:37,0,0,0
BRDA:37,0,1,0
BRDA:54,1,0,0
BRDA:54,1,1,0
BRDA:64,2,0,0
BRDA:64,2,1,0
BRDA:70,3,0,0
BRDA:70,3,1,0
BRDA:78,4,0,0
BRDA:78,4,1,0
BRDA:79,5,0,0
BRDA:79,5,1,0
BRDA:93,6,0,0
BRDA:93,6,1,0
BRDA:94,7,0,0
BRDA:94,7,1,0
BRDA:95,8,0,0
BRDA:95,8,1,0
BRDA:106,9,0,0
BRDA:106,9,1,0
BRDA:114,10,0,0
BRDA:114,10,1,0
BRDA:130,11,0,0
BRDA:130,11,1,0
BRDA:142,12,0,0
BRDA:142,12,1,0
BRDA:159,13,0,0
BRDA:159,13,1,0
BRDA:174,14,0,0
BRDA:174,14,1,0
BRDA:183,15,0,0
BRDA:183,15,1,0
BRDA:200,16,0,0
BRDA:200,16,1,0
BRDA:217,17,0,0
BRDA:217,17,1,0
BRDA:228,18,0,0
BRDA:228,18,1,0
BRDA:242,19,0,0
BRDA:242,19,1,0
BRDA:250,20,0,0
BRDA:250,20,1,0
BRF:42
BRH:0
end_of_record
TN:
SF:src/middleware/auth.ts
FN:15,(anonymous_1)
FN:31,(anonymous_2)
FNF:2
FNH:0
FNDA:0,(anonymous_1)
FNDA:0,(anonymous_2)
DA:2,0
DA:4,0
DA:15,0
DA:16,0
DA:17,0
DA:19,0
DA:20,0
DA:23,0
DA:24,0
DA:25,0
DA:27,0
DA:31,0
DA:32,0
DA:33,0
DA:35,0
DA:36,0
DA:37,0
DA:39,0
DA:42,0
LF:19
LH:0
BRDA:4,0,0,0
BRDA:4,0,1,0
BRDA:17,1,0,0
BRDA:17,1,1,0
BRDA:17,2,0,0
BRDA:17,2,1,0
BRDA:17,3,0,0
BRDA:17,3,1,0
BRDA:19,4,0,0
BRDA:19,4,1,0
BRDA:33,5,0,0
BRDA:33,5,1,0
BRDA:33,6,0,0
BRDA:33,6,1,0
BRDA:33,7,0,0
BRDA:33,7,1,0
BRDA:35,8,0,0
BRDA:35,8,1,0
BRF:18
BRH:0
end_of_record
TN:
SF:src/middleware/rateLimit.ts
FN:22,(anonymous_0)
FN:25,(anonymous_1)
FN:83,(anonymous_2)
FNF:3
FNH:0
FNDA:0,(anonymous_0)
FNDA:0,(anonymous_1)
FNDA:0,(anonymous_2)
DA:9,0
DA:22,0
DA:23,0
DA:25,0
DA:28,0
DA:31,0
DA:32,0
DA:35,0
DA:37,0
DA:38,0
DA:39,0
DA:44,0
DA:46,0
DA:50,0
DA:53,0
DA:55,0
DA:56,0
DA:57,0
DA:65,0
DA:66,0
DA:69,0
DA:70,0
DA:71,0
DA:76,0
DA:80,0
DA:85,0
DA:86,0
DA:87,0
LF:28
LH:0
BRDA:28,0,0,0
BRDA:28,0,1,0
BRDA:28,1,0,0
BRDA:28,1,1,0
BRDA:28,2,0,0
BRDA:28,2,1,0
BRDA:29,3,0,0
BRDA:29,3,1,0
BRDA:35,4,0,0
BRDA:35,4,1,0
BRDA:38,5,0,0
BRDA:38,5,1,0
BRDA:44,6,0,0
BRDA:44,6,1,0
BRDA:44,7,0,0
BRDA:44,7,1,0
BRDA:53,8,0,0
BRDA:53,8,1,0
BRDA:87,9,0,0
BRDA:87,9,1,0
BRDA:87,10,0,0
BRDA:87,10,1,0
BRDA:87,11,0,0
BRDA:87,11,1,0
BRDA:89,12,0,0
BRDA:89,12,1,0
BRF:26
BRH:0
end_of_record
TN:
SF:src/middleware/wsAuth.ts
FN:20,extractTokenFromRequest
FN:52,verifyWebSocketToken
FN:65,authenticateWebSocket
FNF:3
FNH:0
FNDA:0,extractTokenFromRequest
FNDA:0,verifyWebSocketToken
FNDA:0,authenticateWebSocket
DA:2,0
DA:3,0
DA:5,0
DA:20,0
DA:24,0
DA:25,0
DA:27,0
DA:28,0
DA:32,0
DA:33,0
DA:34,0
DA:38,0
DA:39,0
DA:40,0
DA:41,0
DA:42,0
DA:46,0
DA:52,0
DA:53,0
DA:54,0
DA:55,0
DA:57,0
DA:65,0
DA:68,0
DA:70,0
DA:71,0
DA:74,0
LF:27
LH:0
BRDA:5,0,0,0
BRDA:5,0,1,0
BRDA:24,1,0,0
BRDA:24,1,1,0
BRDA:27,2,0,0
BRDA:27,2,1,0
BRDA:33,3,0,0
BRDA:33,3,1,0
BRDA:33,4,0,0
BRDA:33,4,1,0
BRDA:39,5,0,0
BRDA:39,5,1,0
BRDA:41,6,0,0
BRDA:41,6,1,0
BRDA:70,7,0,0
BRDA:70,7,1,0
BRF:16
BRH:0
end_of_record
TN:
SF:src/routes/analyticsRoutes.ts
FNF:0
FNH:0
DA:1,0
DA:2,0
DA:3,0
DA:4,0
DA:6,0
DA:8,0
DA:9,0
DA:10,0
DA:12,0
LF:9
LH:0
BRF:0
BRH:0
end_of_record
TN:
SF:src/routes/authRoutes.ts
FNF:0
FNH:0
DA:1,0
DA:2,0
DA:10,0
DA:12,0
DA:13,0
DA:14,0
DA:15,0
DA:16,0
DA:18,0
LF:9
LH:0
BRF:0
BRH:0
end_of_record
TN:
SF:src/routes/messageRoutes.ts
FNF:0
FNH:0
DA:1,0
DA:2,0
DA:3,0
DA:5,0
DA:7,0
DA:8,0
DA:9,0
DA:10,0
DA:12,0
LF:9
LH:0
BRF:0
BRH:0
end_of_record
TN:
SF:src/routes/roomRoutes.ts
FNF:0
FNH:0
DA:1,0
DA:3,0
DA:8,0
LF:3
LH:0
BRF:0
BRH:0
end_of_record
TN:
SF:src/routes/webrtcRoutes.ts
FN:18,(anonymous_0)
FNF:1
FNH:0
FNDA:0,(anonymous_0)
DA:1,0
DA:2,0
DA:3,0
DA:4,0
DA:12,0
DA:15,0
DA:19,0
DA:20,0
DA:25,0
DA:26,0
DA:29,0
DA:32,0
DA:33,0
DA:34,0
DA:35,0
DA:37,0
LF:16
LH:0
BRDA:20,0,0,0
BRDA:20,0,1,0
BRF:2
BRH:0
end_of_record
TN:
SF:src/schemas/authSchemas.ts
FNF:0
FNH:0
DA:1,0
DA:3,0
DA:9,0
LF:3
LH:0
BRF:0
BRH:0
end_of_record
TN:
SF:src/services/webrtc/connectionManager.ts
FN:27,setupHeartbeat
FN:30,(anonymous_1)
FN:38,(anonymous_2)
FN:51,(anonymous_3)
FN:59,isConnectionTimedOut
FN:71,initializeConnectionMetadata
FN:89,updateConnectionRoom
FN:101,getConnectionMetadata
FN:110,cleanupConnection
FNF:9
FNH:0
FNDA:0,setupHeartbeat
FNDA:0,(anonymous_1)
FNDA:0,(anonymous_2)
FNDA:0,(anonymous_3)
FNDA:0,isConnectionTimedOut
FNDA:0,initializeConnectionMetadata
FNDA:0,updateConnectionRoom
FNDA:0,getConnectionMetadata
FNDA:0,cleanupConnection
DA:1,0
DA:12,0
DA:13,0
DA:27,0
DA:28,0
DA:30,0
DA:31,0
DA:32,0
DA:33,0
DA:38,0
DA:39,0
DA:40,0
DA:41,0
DA:44,0
DA:45,0
DA:46,0
DA:51,0
DA:52,0
DA:59,0
DA:60,0
DA:61,0
DA:64,0
DA:65,0
DA:71,0
DA:77,0
DA:89,0
DA:93,0
DA:94,0
DA:101,0
DA:104,0
DA:110,0
DA:111,0
DA:112,0
LF:33
LH:0
BRDA:32,0,0,0
BRDA:32,0,1,0
BRDA:39,1,0,0
BRDA:39,1,1,0
BRDA:45,2,0,0
BRDA:45,2,1,0
BRDA:60,3,0,0
BRDA:60,3,1,0
BRDA:93,4,0,0
BRDA:93,4,1,0
BRDA:111,5,0,0
BRDA:111,5,1,0
BRF:12
BRH:0
end_of_record
TN:
SF:src/services/webrtc/messageValidator.ts
FN:9,validateClientMessage
FN:31,sanitizeSdp
FN:44,sanitizeIceCandidate
FN:55,validateSdp
FN:73,validateIceCandidate
FNF:5
FNH:0
FNDA:0,validateClientMessage
FNDA:0,sanitizeSdp
FNDA:0,sanitizeIceCandidate
FNDA:0,validateSdp
FNDA:0,validateIceCandidate
DA:1,0
DA:9,0
DA:12,0
DA:13,0
DA:14,0
DA:16,0
DA:19,0
DA:20,0
DA:22,0
DA:31,0
DA:33,0
DA:44,0
DA:46,0
DA:55,0
DA:56,0
DA:57,0
DA:60,0
DA:61,0
DA:64,0
DA:73,0
DA:76,0
DA:77,0
DA:80,0
LF:23
LH:0
BRDA:13,0,0,0
BRDA:13,0,1,0
BRDA:22,1,0,0
BRDA:22,1,1,0
BRDA:56,2,0,0
BRDA:56,2,1,0
BRDA:56,3,0,0
BRDA:56,3,1,0
BRDA:56,3,2,0
BRDA:60,4,0,0
BRDA:60,4,1,0
BRDA:60,5,0,0
BRDA:60,5,1,0
BRDA:76,6,0,0
BRDA:76,6,1,0
BRDA:76,7,0,0
BRDA:76,7,1,0
BRDA:82,8,0,0
BRDA:82,8,1,0
BRDA:82,9,0,0
BRDA:82,9,1,0
BRDA:83,10,0,0
BRDA:83,10,1,0
BRDA:83,11,0,0
BRDA:83,11,1,0
BRF:25
BRH:0
end_of_record
TN:
SF:src/services/webrtc/participantManager.ts
FN:22,getParticipant
FN:29,getRoomParticipants
FN:36,(anonymous_10)
FN:37,(anonymous_11)
FN:43,joinRoom
FN:44,(anonymous_13)
FN:161,leaveRoom
FN:201,updateMuteState
FN:240,cleanupParticipant
FN:272,getRoomParticipantCount
FN:279,isParticipantInRoom
FN:289,getAllRooms
FN:296,getTotalParticipantCount
FNF:13
FNH:0
FNDA:0,getParticipant
FNDA:0,getRoomParticipants
FNDA:0,(anonymous_10)
FNDA:0,(anonymous_11)
FNDA:0,joinRoom
FNDA:0,(anonymous_13)
FNDA:0,leaveRoom
FNDA:0,updateMuteState
FNDA:0,cleanupParticipant
FNDA:0,getRoomParticipantCount
FNDA:0,isParticipantInRoom
FNDA:0,getAllRooms
FNDA:0,getTotalParticipantCount
DA:1,0
DA:3,0
DA:12,0
DA:15,0
DA:17,0
DA:22,0
DA:23,0
DA:29,0
DA:30,0
DA:31,0
DA:32,0
DA:35,0
DA:36,0
DA:37,0
DA:43,0
DA:44,0
DA:50,0
DA:52,0
DA:53,0
DA:54,0
DA:62,0
DA:66,0
DA:67,0
DA:76,0
DA:81,0
DA:85,0
DA:86,0
DA:94,0
DA:116,0
DA:126,0
DA:129,0
DA:130,0
DA:132,0
DA:135,0
DA:136,0
DA:142,0
DA:144,0
DA:149,0
DA:150,0
DA:161,0
DA:165,0
DA:166,0
DA:167,0
DA:168,0
DA:172,0
DA:175,0
DA:176,0
DA:177,0
DA:178,0
DA:179,0
DA:184,0
DA:191,0
DA:192,0
DA:194,0
DA:201,0
DA:206,0
DA:207,0
DA:208,0
DA:209,0
DA:213,0
DA:214,0
DA:216,0
DA:217,0
DA:221,0
DA:230,0
DA:232,0
DA:233,0
DA:240,0
DA:241,0
DA:242,0
DA:243,0
DA:250,0
DA:251,0
DA:252,0
DA:253,0
DA:257,0
DA:258,0
DA:261,0
DA:264,0
DA:265,0
DA:272,0
DA:273,0
DA:279,0
DA:283,0
DA:289,0
DA:290,0
DA:296,0
DA:297,0
LF:88
LH:0
BRDA:17,0,0,0
BRDA:17,0,1,0
BRDA:31,1,0,0
BRDA:31,1,1,0
BRDA:48,2,0,0
BRDA:53,3,0,0
BRDA:53,3,1,0
BRDA:66,4,0,0
BRDA:66,4,1,0
BRDA:76,5,0,0
BRDA:76,5,1,0
BRDA:85,6,0,0
BRDA:85,6,1,0
BRDA:129,7,0,0
BRDA:129,7,1,0
BRDA:152,8,0,0
BRDA:152,8,1,0
BRDA:167,9,0,0
BRDA:167,9,1,0
BRDA:176,10,0,0
BRDA:176,10,1,0
BRDA:178,11,0,0
BRDA:178,11,1,0
BRDA:208,12,0,0
BRDA:208,12,1,0
BRDA:213,13,0,0
BRDA:213,13,1,0
BRDA:216,14,0,0
BRDA:216,14,1,0
BRDA:242,15,0,0
BRDA:242,15,1,0
BRDA:251,16,0,0
BRDA:251,16,1,0
BRDA:257,17,0,0
BRDA:257,17,1,0
BRDA:273,18,0,0
BRDA:273,18,1,0
BRDA:273,19,0,0
BRDA:273,19,1,0
BRDA:273,20,0,0
BRDA:273,20,1,0
BRDA:283,21,0,0
BRDA:283,21,1,0
BRDA:283,22,0,0
BRDA:283,22,1,0
BRDA:283,23,0,0
BRDA:283,23,1,0
BRF:47
BRH:0
end_of_record
TN:
SF:src/services/webrtc/redisManager.ts
FN:9,initializeRedis
FN:16,(anonymous_9)
FN:20,(anonymous_10)
FN:37,getPublisher
FN:47,getSubscriber
FN:57,publishToRoom
FN:73,publishRoomEvent
FN:89,subscribeToRoomMessages
FN:95,(anonymous_19)
FN:112,subscribeToRoomEvents
FN:118,(anonymous_22)
FN:135,unsubscribeFromRoomMessages
FN:147,unsubscribeFromRoomEvents
FN:159,addParticipantToRoom
FN:174,removeParticipantFromRoom
FN:189,getRoomParticipants
FN:204,setSocketMetadata
FN:225,getSocketMetadata
FN:248,removeSocketMetadata
FN:260,closeRedis
FNF:20
FNH:0
FNDA:0,initializeRedis
FNDA:0,(anonymous_9)
FNDA:0,(anonymous_10)
FNDA:0,getPublisher
FNDA:0,getSubscriber
FNDA:0,publishToRoom
FNDA:0,publishRoomEvent
FNDA:0,subscribeToRoomMessages
FNDA:0,(anonymous_19)
FNDA:0,subscribeToRoomEvents
FNDA:0,(anonymous_22)
FNDA:0,unsubscribeFromRoomMessages
FNDA:0,unsubscribeFromRoomEvents
FNDA:0,addParticipantToRoom
FNDA:0,removeParticipantFromRoom
FNDA:0,getRoomParticipants
FNDA:0,setSocketMetadata
FNDA:0,getSocketMetadata
FNDA:0,removeSocketMetadata
FNDA:0,closeRedis
DA:1,0
DA:3,0
DA:4,0
DA:9,0
DA:10,0
DA:12,0
DA:13,0
DA:14,0
DA:16,0
DA:17,0
DA:20,0
DA:21,0
DA:24,0
DA:25,0
DA:27,0
DA:29,0
DA:30,0
DA:37,0
DA:38,0
DA:39,0
DA:41,0
DA:47,0
DA:48,0
DA:49,0
DA:51,0
DA:57,0
DA:61,0
DA:62,0
DA:63,0
DA:65,0
DA:66,0
DA:73,0
DA:77,0
DA:78,0
DA:79,0
DA:81,0
DA:82,0
DA:89,0
DA:93,0
DA:94,0
DA:95,0
DA:96,0
DA:97,0
DA:98,0
DA:100,0
DA:104,0
DA:105,0
DA:112,0
DA:116,0
DA:117,0
DA:118,0
DA:119,0
DA:120,0
DA:121,0
DA:123,0
DA:127,0
DA:128,0
DA:135,0
DA:136,0
DA:137,0
DA:138,0
DA:140,0
DA:147,0
DA:148,0
DA:149,0
DA:150,0
DA:152,0
DA:159,0
DA:163,0
DA:164,0
DA:165,0
DA:167,0
DA:174,0
DA:178,0
DA:179,0
DA:180,0
DA:182,0
DA:189,0
DA:192,0
DA:193,0
DA:194,0
DA:196,0
DA:197,0
DA:204,0
DA:208,0
DA:209,0
DA:210,0
DA:216,0
DA:218,0
DA:225,0
DA:228,0
DA:229,0
DA:230,0
DA:231,0
DA:232,0
DA:234,0
DA:240,0
DA:241,0
DA:248,0
DA:249,0
DA:250,0
DA:251,0
DA:253,0
DA:260,0
DA:261,0
DA:262,0
DA:263,0
DA:265,0
DA:266,0
DA:268,0
DA:270,0
LF:111
LH:0
BRDA:10,0,0,0
BRDA:10,0,1,0
BRDA:38,1,0,0
BRDA:38,1,1,0
BRDA:38,2,0,0
BRDA:38,2,1,0
BRDA:48,3,0,0
BRDA:48,3,1,0
BRDA:48,4,0,0
BRDA:48,4,1,0
BRDA:213,5,0,0
BRDA:213,5,1,0
BRDA:231,6,0,0
BRDA:231,6,1,0
BRDA:237,7,0,0
BRDA:237,7,1,0
BRDA:262,8,0,0
BRDA:262,8,1,0
BRDA:262,9,0,0
BRDA:262,9,1,0
BRDA:265,10,0,0
BRDA:265,10,1,0
BRDA:265,11,0,0
BRDA:265,11,1,0
BRF:24
BRH:0
end_of_record
TN:
SF:src/services/webrtc/signalingServer.ts
FN:49,checkRateLimit
FN:70,sendMessage
FN:80,sendError
FN:84,findPeerSocket
FN:95,(anonymous_11)
FN:100,(anonymous_12)
FN:110,(anonymous_13)
FN:111,(anonymous_14)
FN:111,(anonymous_15)
FN:116,(anonymous_16)
FN:127,(anonymous_17)
FN:128,(anonymous_18)
FN:143,(anonymous_19)
FN:143,(anonymous_20)
FN:163,(anonymous_21)
FN:163,(anonymous_22)
FN:169,(anonymous_23)
FN:174,(anonymous_24)
FN:180,(anonymous_25)
FN:213,(anonymous_27)
FN:247,(anonymous_29)
FN:258,(anonymous_30)
FN:288,(anonymous_32)
FN:323,(anonymous_34)
FN:353,(anonymous_36)
FN:383,(anonymous_38)
FN:406,(anonymous_40)
FN:429,(anonymous_42)
FN:456,(anonymous_44)
FN:474,(anonymous_46)
FN:490,(anonymous_47)
FN:513,(anonymous_48)
FN:517,(anonymous_49)
FNF:33
FNH:0
FNDA:0,checkRateLimit
FNDA:0,sendMessage
FNDA:0,sendError
FNDA:0,findPeerSocket
FNDA:0,(anonymous_11)
FNDA:0,(anonymous_12)
FNDA:0,(anonymous_13)
FNDA:0,(anonymous_14)
FNDA:0,(anonymous_15)
FNDA:0,(anonymous_16)
FNDA:0,(anonymous_17)
FNDA:0,(anonymous_18)
FNDA:0,(anonymous_19)
FNDA:0,(anonymous_20)
FNDA:0,(anonymous_21)
FNDA:0,(anonymous_22)
FNDA:0,(anonymous_23)
FNDA:0,(anonymous_24)
FNDA:0,(anonymous_25)
FNDA:0,(anonymous_27)
FNDA:0,(anonymous_29)
FNDA:0,(anonymous_30)
FNDA:0,(anonymous_32)
FNDA:0,(anonymous_34)
FNDA:0,(anonymous_36)
FNDA:0,(anonymous_38)
FNDA:0,(anonymous_40)
FNDA:0,(anonymous_42)
FNDA:0,(anonymous_44)
FNDA:0,(anonymous_46)
FNDA:0,(anonymous_47)
FNDA:0,(anonymous_48)
FNDA:0,(anonymous_49)
DA:1,0
DA:3,0
DA:4,0
DA:8,0
DA:15,0
DA:16,0
DA:25,0
DA:45,0
DA:46,0
DA:47,0
DA:50,0
DA:51,0
DA:53,0
DA:54,0
DA:58,0
DA:61,0
DA:62,0
DA:65,0
DA:66,0
DA:67,0
DA:71,0
DA:72,0
DA:73,0
DA:75,0
DA:81,0
DA:87,0
DA:90,0
DA:93,0
DA:96,0
DA:97,0
DA:102,0
DA:106,0
DA:107,0
DA:111,0
DA:112,0
DA:113,0
DA:114,0
DA:116,0
DA:117,0
DA:120,0
DA:121,0
DA:122,0
DA:128,0
DA:129,0
DA:130,0
DA:132,0
DA:133,0
DA:136,0
DA:137,0
DA:138,0
DA:140,0
DA:143,0
DA:144,0
DA:145,0
DA:146,0
DA:147,0
DA:150,0
DA:151,0
DA:153,0
DA:154,0
DA:163,0
DA:164,0
DA:165,0
DA:169,0
DA:170,0
DA:174,0
DA:175,0
DA:185,0
DA:187,0
DA:188,0
DA:190,0
DA:191,0
DA:193,0
DA:194,0
DA:196,0
DA:197,0
DA:199,0
DA:200,0
DA:202,0
DA:203,0
DA:205,0
DA:206,0
DA:208,0
DA:209,0
DA:218,0
DA:219,0
DA:226,0
DA:227,0
DA:228,0
DA:231,0
DA:238,0
DA:245,0
DA:247,0
DA:250,0
DA:251,0
DA:263,0
DA:264,0
DA:265,0
DA:268,0
DA:271,0
DA:272,0
DA:275,0
DA:280,0
DA:281,0
DA:293,0
DA:294,0
DA:295,0
DA:296,0
DA:299,0
DA:300,0
DA:301,0
DA:305,0
DA:306,0
DA:307,0
DA:314,0
DA:328,0
DA:329,0
DA:330,0
DA:331,0
DA:335,0
DA:336,0
DA:337,0
DA:344,0
DA:358,0
DA:359,0
DA:360,0
DA:361,0
DA:365,0
DA:366,0
DA:367,0
DA:374,0
DA:388,0
DA:389,0
DA:390,0
DA:393,0
DA:394,0
DA:395,0
DA:402,0
DA:411,0
DA:412,0
DA:413,0
DA:416,0
DA:417,0
DA:418,0
DA:425,0
DA:430,0
DA:431,0
DA:432,0
DA:435,0
DA:436,0
DA:437,0
DA:438,0
DA:439,0
DA:442,0
DA:447,0
DA:450,0
DA:451,0
DA:452,0
DA:453,0
DA:461,0
DA:462,0
DA:463,0
DA:464,0
DA:467,0
DA:468,0
DA:469,0
DA:477,0
DA:478,0
DA:479,0
DA:480,0
DA:481,0
DA:482,0
DA:486,0
DA:492,0
DA:493,0
DA:494,0
DA:496,0
DA:497,0
DA:501,0
DA:502,0
DA:503,0
DA:504,0
DA:509,0
DA:514,0
DA:518,0
DA:523,0
LF:186
LH:0
BRDA:53,0,0,0
BRDA:53,0,1,0
BRDA:53,1,0,0
BRDA:53,1,1,0
BRDA:61,2,0,0
BRDA:61,2,1,0
BRDA:71,3,0,0
BRDA:71,3,1,0
BRDA:95,4,0,0
BRDA:145,5,0,0
BRDA:145,5,1,0
BRDA:156,6,0,0
BRDA:156,6,1,0
BRDA:185,7,0,0
BRDA:185,7,1,0
BRDA:185,7,2,0
BRDA:185,7,3,0
BRDA:185,7,4,0
BRDA:185,7,5,0
BRDA:185,7,6,0
BRDA:185,7,7,0
BRDA:226,8,0,0
BRDA:226,8,1,0
BRDA:227,9,0,0
BRDA:227,9,1,0
BRDA:264,10,0,0
BRDA:264,10,1,0
BRDA:294,11,0,0
BRDA:294,11,1,0
BRDA:294,12,0,0
BRDA:294,12,1,0
BRDA:299,13,0,0
BRDA:299,13,1,0
BRDA:306,14,0,0
BRDA:306,14,1,0
BRDA:306,15,0,0
BRDA:306,15,1,0
BRDA:306,16,0,0
BRDA:306,16,1,0
BRDA:306,17,0,0
BRDA:306,17,1,0
BRDA:329,18,0,0
BRDA:329,18,1,0
BRDA:329,19,0,0
BRDA:329,19,1,0
BRDA:336,20,0,0
BRDA:336,20,1,0
BRDA:336,21,0,0
BRDA:336,21,1,0
BRDA:336,22,0,0
BRDA:336,22,1,0
BRDA:336,23,0,0
BRDA:336,23,1,0
BRDA:359,24,0,0
BRDA:359,24,1,0
BRDA:359,25,0,0
BRDA:359,25,1,0
BRDA:366,26,0,0
BRDA:366,26,1,0
BRDA:366,27,0,0
BRDA:366,27,1,0
BRDA:366,28,0,0
BRDA:366,28,1,0
BRDA:366,29,0,0
BRDA:366,29,1,0
BRDA:389,30,0,0
BRDA:389,30,1,0
BRDA:389,31,0,0
BRDA:389,31,1,0
BRDA:394,32,0,0
BRDA:394,32,1,0
BRDA:412,33,0,0
BRDA:412,33,1,0
BRDA:412,34,0,0
BRDA:412,34,1,0
BRDA:417,35,0,0
BRDA:417,35,1,0
BRDA:431,36,0,0
BRDA:431,36,1,0
BRDA:436,37,0,0
BRDA:436,37,1,0
BRDA:436,38,0,0
BRDA:436,38,1,0
BRDA:436,39,0,0
BRDA:436,39,1,0
BRDA:463,40,0,0
BRDA:463,40,1,0
BRDA:463,41,0,0
BRDA:463,41,1,0
BRDA:468,42,0,0
BRDA:468,42,1,0
BRDA:479,43,0,0
BRDA:479,43,1,0
BRDA:479,44,0,0
BRDA:479,44,1,0
BRDA:479,44,2,0
BRDA:481,45,0,0
BRDA:481,45,1,0
BRDA:494,46,0,0
BRDA:494,46,1,0
BRDA:494,47,0,0
BRDA:494,47,1,0
BRDA:497,48,0,0
BRDA:497,48,1,0
BRDA:503,49,0,0
BRDA:503,49,1,0
BRF:106
BRH:0
end_of_record
TN:
SF:src/services/webrtc/turnCredentials.ts
FN:17,generateTurnCredentials
FN:40,getIceServers
FNF:2
FNH:0
FNDA:0,generateTurnCredentials
FNDA:0,getIceServers
DA:1,0
DA:17,0
DA:22,0
DA:23,0
DA:26,0
DA:27,0
DA:28,0
DA:30,0
DA:40,0
DA:41,0
DA:42,0
DA:43,0
DA:44,0
DA:45,0
DA:47,0
DA:54,0
DA:55,0
DA:56,0
DA:64,0
LF:19
LH:0
BRDA:20,0,0,0
BRDA:41,1,0,0
BRDA:41,1,1,0
BRDA:44,2,0,0
BRDA:44,2,1,0
BRDA:45,3,0,0
BRDA:45,3,1,0
BRDA:54,4,0,0
BRDA:54,4,1,0
BRDA:54,5,0,0
BRDA:54,5,1,0
BRF:11
BRH:0
end_of_record
TN:
SF:src/utils/browserInfo.ts
FN:24,(anonymous_0)
FN:88,(anonymous_1)
FNF:2
FNH:0
FNDA:0,(anonymous_0)
FNDA:0,(anonymous_1)
DA:24,0
DA:25,0
DA:26,0
DA:27,0
DA:28,0
DA:29,0
DA:30,0
DA:33,0
DA:34,0
DA:35,0
DA:36,0
DA:37,0
DA:38,0
DA:39,0
DA:40,0
DA:41,0
DA:42,0
DA:43,0
DA:44,0
DA:45,0
DA:46,0
DA:47,0
DA:48,0
DA:52,0
DA:53,0
DA:54,0
DA:55,0
DA:56,0
DA:57,0
DA:58,0
DA:59,0
DA:60,0
DA:61,0
DA:62,0
DA:63,0
DA:64,0
DA:65,0
DA:66,0
DA:67,0
DA:68,0
DA:69,0
DA:70,0
DA:71,0
DA:72,0
DA:73,0
DA:77,0
DA:78,0
DA:79,0
DA:80,0
DA:81,0
DA:82,0
DA:85,0
DA:88,0
DA:89,0
DA:90,0
DA:93,0
DA:95,0
LF:57
LH:0
BRDA:33,0,0,0
BRDA:33,0,1,0
BRDA:33,1,0,0
BRDA:33,1,1,0
BRDA:36,2,0,0
BRDA:36,2,1,0
BRDA:37,3,0,0
BRDA:37,3,1,0
BRDA:40,4,0,0
BRDA:40,4,1,0
BRDA:41,5,0,0
BRDA:41,5,1,0
BRDA:41,6,0,0
BRDA:41,6,1,0
BRDA:44,7,0,0
BRDA:44,7,1,0
BRDA:45,8,0,0
BRDA:45,8,1,0
BRDA:48,9,0,0
BRDA:48,9,1,0
BRDA:52,10,0,0
BRDA:52,10,1,0
BRDA:54,11,0,0
BRDA:54,11,1,0
BRDA:55,12,0,0
BRDA:55,12,1,0
BRDA:56,13,0,0
BRDA:56,13,1,0
BRDA:57,14,0,0
BRDA:57,14,1,0
BRDA:58,15,0,0
BRDA:58,15,1,0
BRDA:61,16,0,0
BRDA:61,16,1,0
BRDA:62,17,0,0
BRDA:62,17,1,0
BRDA:64,18,0,0
BRDA:64,18,1,0
BRDA:67,19,0,0
BRDA:67,19,1,0
BRDA:69,20,0,0
BRDA:69,20,1,0
BRDA:69,21,0,0
BRDA:69,21,1,0
BRDA:72,22,0,0
BRDA:72,22,1,0
BRDA:73,23,0,0
BRDA:73,23,1,0
BRDA:77,24,0,0
BRDA:77,24,1,0
BRDA:79,25,0,0
BRDA:79,25,1,0
BRDA:79,26,0,0
BRDA:79,26,1,0
BRDA:81,27,0,0
BRDA:81,27,1,0
BRDA:89,28,0,0
BRDA:89,28,1,0
BRDA:93,29,0,0
BRDA:93,29,1,0
BRDA:96,30,0,0
BRDA:96,30,1,0
BRDA:103,31,0,0
BRDA:103,31,1,0
BRDA:103,31,2,0
BRDA:104,32,0,0
BRDA:104,32,1,0
BRDA:104,32,2,0
BRDA:104,33,0,0
BRDA:104,33,1,0
BRDA:104,34,0,0
BRDA:104,34,1,0
BRDA:105,35,0,0
BRDA:105,35,1,0
BRDA:106,36,0,0
BRDA:106,36,1,0
BRDA:107,37,0,0
BRDA:107,37,1,0
BRDA:107,38,0,0
BRDA:107,38,1,0
BRDA:108,39,0,0
BRDA:108,39,1,0
BRDA:108,40,0,0
BRDA:108,40,1,0
BRF:84
BRH:0
end_of_record
TN:
SF:src/utils/types.ts
FNF:0
FNH:0
DA:1,0
DA:3,0
DA:8,0
DA:14,0
DA:18,0
DA:23,0
DA:44,0
DA:71,0
DA:78,0
DA:79,0
DA:80,0
DA:81,0
DA:82,0
DA:83,0
DA:84,0
LF:15
LH:0
BRF:0
BRH:0
end_of_record
TN:
SF:src/utils/webrtcTypes.ts
FN:152,(anonymous_0)
FNF:1
FNH:0
FNDA:0,(anonymous_0)
DA:1,0
DA:14,0
DA:20,0
DA:25,0
DA:34,0
DA:43,0
DA:53,0
DA:58,0
DA:63,0
DA:67,0
DA:152,0
DA:153,0
DA:154,0
DA:155,0
DA:156,0
LF:15
LH:0
BRDA:152,0,0,0
BRDA:152,0,1,0
BRF:2
BRH:0
end_of_record
